Arguments: 
  C:\Program Files\nodejs\node.exe C:\Program Files\nodejs\node_modules\yarn\bin\yarn.js init

PATH: 
  C:\Users\seonggu.baek\bin;C:\Program Files\Git\mingw64\bin;C:\Program Files\Git\usr\local\bin;C:\Program Files\Git\usr\bin;C:\Program Files\Git\usr\bin;C:\Program Files\Git\mingw64\bin;C:\Program Files\Git\usr\bin;C:\Users\seonggu.baek\bin;C:\WINDOWS\system32;C:\WINDOWS;C:\WINDOWS\System32\Wbem;C:\WINDOWS\System32\WindowsPowerShell\v1.0;C:\Program Files\Microsoft SQL Server\Client SDK\ODBC\110\Tools\Binn;C:\Program Files (x86)\Microsoft SQL Server\120\Tools\Binn\ManagementStudio;C:\Program Files (x86)\Microsoft SQL Server\120\Tools\Binn;C:\Program Files\Microsoft SQL Server\120\Tools\Binn;C:\Program Files (x86)\Microsoft SQL Server\120\DTS\Binn;C:\Program Files\Microsoft SQL Server\120\DTS\Binn;C:\Program Files\PuTTY;C:\Users\seonggu.baek\AppData\Roaming\nvm;C:\Program Files\nodejs;C:\Program Files (x86)\Microsoft VS Code\bin;C:\ProgramData\ComposerSetup\bin;C:\Users\seonggu.baek\AppData\Local\Programs\Python\Python36\Scripts;C:\Users\seonggu.baek\AppData\Local\Programs\Python\Python36;C:\Program Files (x86)\Microsoft VS Code\bin;C:\Users\seonggu.baek\AppData\Local\Microsoft\WindowsApps;C:\Users\seonggu.baek\AppData\Roaming\npm;C:\Users\seonggu.baek\AppData\Roaming\nvm;C:\Program Files\nodejs;C:\Program Files\MongoDB\Server\3.6\bin;C:\Program Files\nodejs;C:\php-5.6;C:\Users\seonggu.baek\AppData\Roaming\Composer\vendor\bin;C:\Users\seonggu.baek\AppData\Local\now-cli;C:\Program Files\Git\usr\bin\vendor_perl;C:\Program Files\Git\usr\bin\core_perl

Yarn version: 
  1.3.2

Node version: 
  8.1.4

Platform: 
  win32 x64

npm manifest: 
  No manifest

yarn manifest: 
  No manifest

Lockfile: 
  No lockfile

Trace: 
  Error: Can't answer a question unless a user TTY
      at ConsoleReporter.question (C:\Users\seonggu.baek\AppData\Roaming\nvm\v8.1.4\node_modules\yarn\lib\cli.js:87314:59)
      at Object.<anonymous> (C:\Users\seonggu.baek\AppData\Roaming\nvm\v8.1.4\node_modules\yarn\lib\cli.js:81822:38)
      at Generator.next (<anonymous>)
      at step (C:\Users\seonggu.baek\AppData\Roaming\nvm\v8.1.4\node_modules\yarn\lib\cli.js:92:30)
      at C:\Users\seonggu.baek\AppData\Roaming\nvm\v8.1.4\node_modules\yarn\lib\cli.js:103:13
      at <anonymous>
      at process._tickCallback (internal/process/next_tick.js:169:7)
